Vivado Simulator v2022.2
Copyright 1986-1999, 2001-2022 Xilinx, Inc. All Rights Reserved.
Running: D:/Programy1/Xilinx/Vitis/Vivado/2022.2/bin/unwrapped/win64.o/xelab.exe --incr --debug typical --relax --mt 2 -L xil_defaultlib -L xilinx_vip -L unisims_ver -L secureip --snapshot design_1_wrapper_func_synth xil_defaultlib.design_1_wrapper xil_defaultlib.glbl -log elaborate.log 
Using 2 slave threads.
Starting static elaboration
Pass Through NonSizing Optimizer
Completed static elaboration
Starting simulation data flow analysis
Completed simulation data flow analysis
Time Resolution for simulation is 1ps
Compiling package std.standard
Compiling package std.textio
Compiling package ieee.std_logic_1164
Compiling package ieee.numeric_std
Compiling package unisim.vcomponents
Compiling package ieee.vital_timing
Compiling package ieee.vital_primitives
Compiling package unisim.vpkg
Compiling package ieee.std_logic_arith
Compiling module xil_defaultlib.glbl
Compiling architecture pullup_v of entity unisim.PULLUP [pullup_default]
Compiling architecture gnd_v of entity unisim.GND [gnd_default]
Compiling architecture lut6_v of entity unisim.LUT6 [\LUT6(init="11111111111111110001...]
Compiling architecture lut4_v of entity unisim.LUT4 [\LUT4(init="1000111110001000")(0...]
Compiling architecture lut6_v of entity unisim.LUT6 [\LUT6(init="00001000000000001111...]
Compiling architecture lut6_v of entity unisim.LUT6 [\LUT6(init="11111000100010001111...]
Compiling architecture lut4_v of entity unisim.LUT4 [\LUT4(init="1111100010001000")(0...]
Compiling architecture fdse_v of entity unisim.FDSE [fdse_default]
Compiling architecture fdre_v of entity unisim.FDRE [fdre_default]
Compiling architecture lut1_v of entity unisim.LUT1 [\LUT1(init="0001")(0,3)\]
Compiling architecture lut2_v of entity unisim.LUT2 [\LUT2(init="0110")(0,3)\]
Compiling architecture lut3_v of entity unisim.LUT3 [\LUT3(init="01111000")(0,7)\]
Compiling architecture lut2_v of entity unisim.LUT2 [\LUT2(init="1001")(0,3)\]
Compiling architecture lut4_v of entity unisim.LUT4 [\LUT4(init="0111111110000000")(0...]
Compiling architecture lut3_v of entity unisim.LUT3 [\LUT3(init="10111000")(0,7)\]
Compiling architecture lut2_v of entity unisim.LUT2 [\LUT2(init="0010")(0,3)\]
Compiling architecture lut3_v of entity unisim.LUT3 [\LUT3(init="11101111")(0,7)\]
Compiling architecture lut2_v of entity unisim.LUT2 [\LUT2(init="1000")(0,3)\]
Compiling architecture lut2_v of entity unisim.LUT2 [\LUT2(init="0001")(0,3)\]
Compiling architecture structure of entity xil_defaultlib.design_1_axi_gpio_0_0_pselect_f [design_1_axi_gpio_0_0_pselect_f_...]
Compiling architecture structure of entity xil_defaultlib.\design_1_axi_gpio_0_0_pselect_f__parameterized1\ [\design_1_axi_gpio_0_0_pselect_f...]
Compiling architecture lut5_v of entity unisim.LUT5 [\LUT5(init="00000000000000000000...]
Compiling architecture lut4_v of entity unisim.LUT4 [\LUT4(init="1111110111111111")(0...]
Compiling architecture lut5_v of entity unisim.LUT5 [\LUT5(init="00000000000100000000...]
Compiling architecture lut4_v of entity unisim.LUT4 [\LUT4(init="1111101100001000")(0...]
Compiling architecture lut6_v of entity unisim.LUT6 [\LUT6(init="10101010101010101010...]
Compiling architecture structure of entity xil_defaultlib.design_1_axi_gpio_0_0_address_decoder [design_1_axi_gpio_0_0_address_de...]
Compiling architecture lut3_v of entity unisim.LUT3 [\LUT3(init="10101100")(0,7)\]
Compiling architecture lut5_v of entity unisim.LUT5 [\LUT5(init="00000000000000000000...]
Compiling architecture lut5_v of entity unisim.LUT5 [\LUT5(init="10001011101110111000...]
Compiling architecture lut6_v of entity unisim.LUT6 [\LUT6(init="00100000000000001111...]
Compiling architecture lut6_v of entity unisim.LUT6 [\LUT6(init="11111111111010101110...]
Compiling architecture lut5_v of entity unisim.LUT5 [\LUT5(init="00001000111111110000...]
Compiling architecture lut5_v of entity unisim.LUT5 [\LUT5(init="00000000000000000000...]
Compiling architecture lut5_v of entity unisim.LUT5 [\LUT5(init="00001111110010101111...]
Compiling architecture lut6_v of entity unisim.LUT6 [\LUT6(init="01010101111111111111...]
Compiling architecture structure of entity xil_defaultlib.design_1_axi_gpio_0_0_slave_attachment [design_1_axi_gpio_0_0_slave_atta...]
Compiling architecture structure of entity xil_defaultlib.design_1_axi_gpio_0_0_axi_lite_ipif [design_1_axi_gpio_0_0_axi_lite_i...]
Compiling architecture lut3_v of entity unisim.LUT3 [\LUT3(init="00000100")(0,7)\]
Compiling architecture lut5_v of entity unisim.LUT5 [\LUT5(init="00000000001100100000...]
Compiling architecture structure of entity xil_defaultlib.design_1_axi_gpio_0_0_cdc_sync [design_1_axi_gpio_0_0_cdc_sync_d...]
Compiling architecture lut5_v of entity unisim.LUT5 [\LUT5(init="00000000000000000001...]
Compiling architecture lut6_v of entity unisim.LUT6 [\LUT6(init="00000000000100010000...]
Compiling architecture structure of entity xil_defaultlib.design_1_axi_gpio_0_0_GPIO_Core [design_1_axi_gpio_0_0_gpio_core_...]
Compiling architecture structure of entity xil_defaultlib.design_1_axi_gpio_0_0_axi_gpio [design_1_axi_gpio_0_0_axi_gpio_d...]
Compiling architecture structure of entity xil_defaultlib.design_1_axi_gpio_0_0 [design_1_axi_gpio_0_0_default]
Compiling architecture ldce_v of entity unisim.LDCE [ldce_default]
Compiling architecture lut3_v of entity unisim.LUT3 [\LUT3(init="01000111")(0,7)\]
Compiling architecture structure of entity xil_defaultlib.design_1_neoTRNG_0_0_neoTRNG_cell [design_1_neotrng_0_0_neotrng_cel...]
Compiling architecture structure of entity xil_defaultlib.\design_1_neoTRNG_0_0_neoTRNG_cell__parameterized1\ [\design_1_neoTRNG_0_0_neoTRNG_ce...]
Compiling architecture lut6_v of entity unisim.LUT6 [\LUT6(init="11101111111011000100...]
Compiling architecture lut6_v of entity unisim.LUT6 [\LUT6(init="00000000010111110000...]
Compiling architecture lut6_v of entity unisim.LUT6 [\LUT6(init="01010000000000010101...]
Compiling architecture lut6_v of entity unisim.LUT6 [\LUT6(init="11111010101110101111...]
Compiling architecture structure of entity xil_defaultlib.\design_1_neoTRNG_0_0_neoTRNG_cell__parameterized3\ [\design_1_neoTRNG_0_0_neoTRNG_ce...]
Compiling architecture lut3_v of entity unisim.LUT3 [\LUT3(init="10000000")(0,7)\]
Compiling architecture lut3_v of entity unisim.LUT3 [\LUT3(init="01110000")(0,7)\]
Compiling architecture carry4_v of entity unisim.CARRY4 [carry4_default]
Compiling architecture lut3_v of entity unisim.LUT3 [\LUT3(init="00101000")(0,7)\]
Compiling architecture lut5_v of entity unisim.LUT5 [\LUT5(init="00000001000000000000...]
Compiling architecture structure of entity xil_defaultlib.design_1_neoTRNG_0_0_neoTRNG [design_1_neotrng_0_0_neotrng_def...]
Compiling architecture structure of entity xil_defaultlib.design_1_neoTRNG_0_0 [design_1_neotrng_0_0_default]
Compiling architecture vcc_v of entity unisim.VCC [vcc_default]
Compiling architecture bibuf_v of entity unisim.BIBUF [bibuf_default]
Compiling architecture ps7_v of entity unisim.PS7 [\PS7:design_1_wrapper:design_1_i...]
Compiling architecture bufg_v of entity unisim.BUFG [bufg_default]
Compiling architecture lut1_v of entity unisim.LUT1 [\LUT1(init="0010")(0,3)\]
Compiling architecture structure of entity xil_defaultlib.design_1_processing_system7_0_0_processing_system7_v5_5_processing_system7 [\design_1_processing_system7_0_0...]
Compiling architecture structure of entity xil_defaultlib.design_1_processing_system7_0_0 [\design_1_processing_system7_0_0...]
Compiling architecture lut5_v of entity unisim.LUT5 [\LUT5(init="01010101010101010111...]
Compiling architecture lut5_v of entity unisim.LUT5 [\LUT5(init="00000000111111110100...]
Compiling architecture lut4_v of entity unisim.LUT4 [\LUT4(init="1110101010101010")(0...]
Compiling architecture lut6_v of entity unisim.LUT6 [\LUT6(init="10101010111010101010...]
Compiling architecture lut6_v of entity unisim.LUT6 [\LUT6(init="10111010101010101011...]
Compiling architecture lut6_v of entity unisim.LUT6 [\LUT6(init="10111010101010101000...]
Compiling architecture lut6_v of entity unisim.LUT6 [\LUT6(init="10101010101010101010...]
Compiling architecture lut6_v of entity unisim.LUT6 [\LUT6(init="01000100111101000100...]
Compiling architecture lut4_v of entity unisim.LUT4 [\LUT4(init="1011111111111111")(0...]
Compiling architecture lut4_v of entity unisim.LUT4 [\LUT4(init="0111111111111111")(0...]
Compiling architecture lut3_v of entity unisim.LUT3 [\LUT3(init="10111111")(0,7)\]
Compiling architecture lut4_v of entity unisim.LUT4 [\LUT4(init="1010000011000000")(0...]
Compiling architecture lut5_v of entity unisim.LUT5 [\LUT5(init="00000000000000001100...]
Compiling architecture lut3_v of entity unisim.LUT3 [\LUT3(init="01010111")(0,7)\]
Compiling architecture lut5_v of entity unisim.LUT5 [\LUT5(init="11111111111000001111...]
Compiling architecture lut5_v of entity unisim.LUT5 [\LUT5(init="00011111111111110001...]
Compiling architecture lut6_v of entity unisim.LUT6 [\LUT6(init="11111111111111111111...]
Compiling architecture lut6_v of entity unisim.LUT6 [\LUT6(init="11001111111111111111...]
Compiling architecture lut3_v of entity unisim.LUT3 [\LUT3(init="00001000")(0,7)\]
Compiling architecture lut6_v of entity unisim.LUT6 [\LUT6(init="00111000001100110011...]
Compiling architecture lut5_v of entity unisim.LUT5 [\LUT5(init="00111100110011001010...]
Compiling architecture lut6_v of entity unisim.LUT6 [\LUT6(init="01011001101010011010...]
Compiling architecture lut4_v of entity unisim.LUT4 [\LUT4(init="1111111111111110")(0...]
Compiling architecture lut4_v of entity unisim.LUT4 [\LUT4(init="1010011010101010")(0...]
Compiling architecture lut6_v of entity unisim.LUT6 [\LUT6(init="01110111001000100111...]
Compiling architecture lut6_v of entity unisim.LUT6 [\LUT6(init="10001000101110111000...]
Compiling architecture lut6_v of entity unisim.LUT6 [\LUT6(init="10111011100010001011...]
Compiling architecture lut6_v of entity unisim.LUT6 [\LUT6(init="10111011101110111000...]
Compiling architecture lut6_v of entity unisim.LUT6 [\LUT6(init="11111111111111111111...]
Compiling architecture structure of entity xil_defaultlib.design_1_auto_pc_0_axi_protocol_converter_v2_1_27_b2s_rd_cmd_fsm [design_1_auto_pc_0_axi_protocol_...]
Compiling architecture lut5_v of entity unisim.LUT5 [\LUT5(init="00000000000010001000...]
Compiling architecture lut6_v of entity unisim.LUT6 [\LUT6(init="00000001000000100000...]
Compiling architecture lut6_v of entity unisim.LUT6 [\LUT6(init="01101010101010101010...]
Compiling architecture lut6_v of entity unisim.LUT6 [\LUT6(init="00011010001010100010...]
Compiling architecture lut6_v of entity unisim.LUT6 [\LUT6(init="00010010001000100010...]
Compiling architecture lut5_v of entity unisim.LUT5 [\LUT5(init="01000100111101000100...]
Compiling architecture lut5_v of entity unisim.LUT5 [\LUT5(init="11110100010011110100...]
Compiling architecture lut6_v of entity unisim.LUT6 [\LUT6(init="11110100111101001111...]
Compiling architecture lut6_v of entity unisim.LUT6 [\LUT6(init="11101110111011101110...]
Compiling architecture lut5_v of entity unisim.LUT5 [\LUT5(init="10101010101010101010...]
Compiling architecture lut6_v of entity unisim.LUT6 [\LUT6(init="10101010101010101010...]
Compiling architecture lut5_v of entity unisim.LUT5 [\LUT5(init="10101010101010101010...]
Compiling architecture lut6_v of entity unisim.LUT6 [\LUT6(init="10101010101010101010...]
Compiling architecture lut3_v of entity unisim.LUT3 [\LUT3(init="00000001")(0,7)\]
Compiling architecture lut5_v of entity unisim.LUT5 [\LUT5(init="11111111111111111000...]
Compiling architecture lut5_v of entity unisim.LUT5 [\LUT5(init="10101010101010001010...]
Compiling architecture lut4_v of entity unisim.LUT4 [\LUT4(init="0000000000000001")(0...]
Compiling architecture structure of entity xil_defaultlib.design_1_auto_pc_0_axi_protocol_converter_v2_1_27_b2s_incr_cmd_2 [design_1_auto_pc_0_axi_protocol_...]
Compiling architecture lut3_v of entity unisim.LUT3 [\LUT3(init="00011101")(0,7)\]
Compiling architecture lut4_v of entity unisim.LUT4 [\LUT4(init="0000000000001001")(0...]
Compiling architecture lut6_v of entity unisim.LUT6 [\LUT6(init="01101111111101101111...]
Compiling architecture lut6_v of entity unisim.LUT6 [\LUT6(init="11101010111010101110...]
Compiling architecture lut5_v of entity unisim.LUT5 [\LUT5(init="10101010101010101010...]
Compiling architecture lut6_v of entity unisim.LUT6 [\LUT6(init="10101010101010101010...]
Compiling architecture lut4_v of entity unisim.LUT4 [\LUT4(init="1111111110101100")(0...]
Compiling architecture lut4_v of entity unisim.LUT4 [\LUT4(init="1010101110101000")(0...]
Compiling architecture structure of entity xil_defaultlib.design_1_auto_pc_0_axi_protocol_converter_v2_1_27_b2s_wrap_cmd_3 [design_1_auto_pc_0_axi_protocol_...]
Compiling architecture structure of entity xil_defaultlib.design_1_auto_pc_0_axi_protocol_converter_v2_1_27_b2s_cmd_translator_1 [design_1_auto_pc_0_axi_protocol_...]
Compiling architecture structure of entity xil_defaultlib.design_1_auto_pc_0_axi_protocol_converter_v2_1_27_b2s_ar_channel [design_1_auto_pc_0_axi_protocol_...]
Compiling architecture lut5_v of entity unisim.LUT5 [\LUT5(init="00001000100010001000...]
Compiling architecture lut4_v of entity unisim.LUT4 [\LUT4(init="1101001000101101")(0...]
Compiling architecture lut5_v of entity unisim.LUT5 [\LUT5(init="10101001101010010110...]
Compiling architecture lut6_v of entity unisim.LUT6 [\LUT6(init="10111111111111110100...]
Compiling architecture lut6_v of entity unisim.LUT6 [\LUT6(init="10011010101010101010...]
Compiling architecture lut3_v of entity unisim.LUT3 [\LUT3(init="01001111")(0,7)\]
Compiling architecture lut5_v of entity unisim.LUT5 [\LUT5(init="10010001111111111111...]
Compiling architecture lut6_v of entity unisim.LUT6 [\LUT6(init="11111111111111111111...]
Compiling architecture srlc32e_v of entity unisim.SRLC32E [\SRLC32E(0,31)\]
Compiling architecture lut6_v of entity unisim.LUT6 [\LUT6(init="10000010000000101010...]
Compiling architecture structure of entity xil_defaultlib.\design_1_auto_pc_0_axi_protocol_converter_v2_1_27_b2s_simple_fifo__parameterized1\ [\design_1_auto_pc_0_axi_protocol...]
Compiling architecture lut6_v of entity unisim.LUT6 [\LUT6(init="10101010111010101110...]
Compiling architecture lut5_v of entity unisim.LUT5 [\LUT5(init="10100110101010101010...]
Compiling architecture lut6_v of entity unisim.LUT6 [\LUT6(init="11110111111111111110...]
Compiling architecture lut6_v of entity unisim.LUT6 [\LUT6(init="10101010011010101010...]
Compiling architecture lut5_v of entity unisim.LUT5 [\LUT5(init="10000000000000000000...]
Compiling architecture structure of entity xil_defaultlib.\design_1_auto_pc_0_axi_protocol_converter_v2_1_27_b2s_simple_fifo__parameterized2\ [\design_1_auto_pc_0_axi_protocol...]
Compiling architecture structure of entity xil_defaultlib.design_1_auto_pc_0_axi_protocol_converter_v2_1_27_b2s_r_channel [design_1_auto_pc_0_axi_protocol_...]
Compiling architecture fdre_v of entity unisim.FDRE [\FDRE(init='1')\]
Compiling architecture lut3_v of entity unisim.LUT3 [\LUT3(init="01101010")(0,7)\]
Compiling architecture lut3_v of entity unisim.LUT3 [\LUT3(init="10100110")(0,7)\]
Compiling architecture lut3_v of entity unisim.LUT3 [\LUT3(init="10101001")(0,7)\]
Compiling architecture lut3_v of entity unisim.LUT3 [\LUT3(init="00101010")(0,7)\]
Compiling architecture lut3_v of entity unisim.LUT3 [\LUT3(init="00000010")(0,7)\]
Compiling architecture lut6_v of entity unisim.LUT6 [\LUT6(init="11001100101010101111...]
Compiling architecture lut5_v of entity unisim.LUT5 [\LUT5(init="00110000100000000000...]
Compiling architecture lut5_v of entity unisim.LUT5 [\LUT5(init="11000000000000000000...]
Compiling architecture lut5_v of entity unisim.LUT5 [\LUT5(init="11000000000000001000...]
Compiling architecture lut5_v of entity unisim.LUT5 [\LUT5(init="11111111001111111111...]
Compiling architecture lut6_v of entity unisim.LUT6 [\LUT6(init="01010101001100110000...]
Compiling architecture lut4_v of entity unisim.LUT4 [\LUT4(init="0000000010000000")(0...]
Compiling architecture lut6_v of entity unisim.LUT6 [\LUT6(init="11001010110010101111...]
Compiling architecture lut6_v of entity unisim.LUT6 [\LUT6(init="11111111111111110000...]
Compiling architecture lut5_v of entity unisim.LUT5 [\LUT5(init="00000000000000001111...]
Compiling architecture lut4_v of entity unisim.LUT4 [\LUT4(init="1010100010101010")(0...]
Compiling architecture lut5_v of entity unisim.LUT5 [\LUT5(init="11011101110011110000...]
Compiling architecture lut6_v of entity unisim.LUT6 [\LUT6(init="10100000101000000010...]
Compiling architecture lut6_v of entity unisim.LUT6 [\LUT6(init="11111111111111111111...]
Compiling architecture lut5_v of entity unisim.LUT5 [\LUT5(init="00110000010100000000...]
Compiling architecture lut6_v of entity unisim.LUT6 [\LUT6(init="00000000000010100010...]
Compiling architecture lut5_v of entity unisim.LUT5 [\LUT5(init="01000100110011000000...]
Compiling architecture lut4_v of entity unisim.LUT4 [\LUT4(init="0010101010101010")(0...]
Compiling architecture lut5_v of entity unisim.LUT5 [\LUT5(init="00000000000000000100...]
Compiling architecture structure of entity xil_defaultlib.design_1_auto_pc_0_axi_register_slice_v2_1_27_axic_register_slice [design_1_auto_pc_0_axi_register_...]
Compiling architecture lut2_v of entity unisim.LUT2 [\LUT2(init="0111")(0,3)\]
Compiling architecture lut6_v of entity unisim.LUT6 [\LUT6(init="00110011010101010000...]
Compiling architecture lut4_v of entity unisim.LUT4 [\LUT4(init="1111010011111111")(0...]
Compiling architecture lut4_v of entity unisim.LUT4 [\LUT4(init="1011111110111011")(0...]
Compiling architecture lut6_v of entity unisim.LUT6 [\LUT6(init="11111111111111111111...]
Compiling architecture lut5_v of entity unisim.LUT5 [\LUT5(init="00000000001100000000...]
Compiling architecture lut5_v of entity unisim.LUT5 [\LUT5(init="01110011011111110000...]
Compiling architecture lut5_v of entity unisim.LUT5 [\LUT5(init="00000000000000000010...]
Compiling architecture structure of entity xil_defaultlib.design_1_auto_pc_0_axi_register_slice_v2_1_27_axic_register_slice_0 [design_1_auto_pc_0_axi_register_...]
Compiling architecture lut2_v of entity unisim.LUT2 [\LUT2(init="1011")(0,3)\]
Compiling architecture structure of entity xil_defaultlib.\design_1_auto_pc_0_axi_register_slice_v2_1_27_axic_register_slice__parameterized1\ [\design_1_auto_pc_0_axi_register...]
Compiling architecture lut4_v of entity unisim.LUT4 [\LUT4(init="0100111111111111")(0...]
Compiling architecture lut4_v of entity unisim.LUT4 [\LUT4(init="1111100011111111")(0...]
Compiling architecture structure of entity xil_defaultlib.\design_1_auto_pc_0_axi_register_slice_v2_1_27_axic_register_slice__parameterized2\ [\design_1_auto_pc_0_axi_register...]
Compiling architecture structure of entity xil_defaultlib.design_1_auto_pc_0_axi_register_slice_v2_1_27_axi_register_slice [design_1_auto_pc_0_axi_register_...]
Compiling architecture lut6_v of entity unisim.LUT6 [\LUT6(init="01110111001101111111...]
Compiling architecture lut5_v of entity unisim.LUT5 [\LUT5(init="10101100111100001111...]
Compiling architecture lut6_v of entity unisim.LUT6 [\LUT6(init="10101110101010101010...]
Compiling architecture lut6_v of entity unisim.LUT6 [\LUT6(init="10101110101010101010...]
Compiling architecture lut6_v of entity unisim.LUT6 [\LUT6(init="10101110101010101010...]
Compiling architecture lut6_v of entity unisim.LUT6 [\LUT6(init="10101010101010100011...]
Compiling architecture lut4_v of entity unisim.LUT4 [\LUT4(init="0101000111111111")(0...]
Compiling architecture lut4_v of entity unisim.LUT4 [\LUT4(init="1011101110101011")(0...]
Compiling architecture lut4_v of entity unisim.LUT4 [\LUT4(init="1111111101100100")(0...]
Compiling architecture lut3_v of entity unisim.LUT3 [\LUT3(init="11011111")(0,7)\]
Compiling architecture lut6_v of entity unisim.LUT6 [\LUT6(init="00000011100000110000...]
Compiling architecture lut3_v of entity unisim.LUT3 [\LUT3(init="11110100")(0,7)\]
Compiling architecture lut6_v of entity unisim.LUT6 [\LUT6(init="11101111111011111100...]
Compiling architecture lut6_v of entity unisim.LUT6 [\LUT6(init="10101010101010101110...]
Compiling architecture lut6_v of entity unisim.LUT6 [\LUT6(init="00000000000000000000...]
Compiling architecture lut4_v of entity unisim.LUT4 [\LUT4(init="1010111010101010")(0...]
Compiling architecture lut6_v of entity unisim.LUT6 [\LUT6(init="11111111111111111111...]
Compiling architecture lut6_v of entity unisim.LUT6 [\LUT6(init="11111111111111111111...]
Compiling architecture lut6_v of entity unisim.LUT6 [\LUT6(init="11001100111011001111...]
Compiling architecture lut3_v of entity unisim.LUT3 [\LUT3(init="00100000")(0,7)\]
Compiling architecture lut6_v of entity unisim.LUT6 [\LUT6(init="00110011100000110011...]
Compiling architecture structure of entity xil_defaultlib.design_1_auto_pc_0_axi_protocol_converter_v2_1_27_b2s_wr_cmd_fsm [design_1_auto_pc_0_axi_protocol_...]
Compiling architecture lut2_v of entity unisim.LUT2 [\LUT2(init="1110")(0,3)\]
Compiling architecture lut4_v of entity unisim.LUT4 [\LUT4(init="0000000100000010")(0...]
Compiling architecture lut4_v of entity unisim.LUT4 [\LUT4(init="0110101010101010")(0...]
Compiling architecture lut4_v of entity unisim.LUT4 [\LUT4(init="0001101000101010")(0...]
Compiling architecture lut4_v of entity unisim.LUT4 [\LUT4(init="0001001000100010")(0...]
Compiling architecture lut6_v of entity unisim.LUT6 [\LUT6(init="01000100010001001111...]
Compiling architecture lut5_v of entity unisim.LUT5 [\LUT5(init="01001111111101000100...]
Compiling architecture lut6_v of entity unisim.LUT6 [\LUT6(init="10001000100010001000...]
Compiling architecture lut4_v of entity unisim.LUT4 [\LUT4(init="1000100010000010")(0...]
Compiling architecture lut5_v of entity unisim.LUT5 [\LUT5(init="10001000100010001000...]
Compiling architecture lut5_v of entity unisim.LUT5 [\LUT5(init="11111111111111111111...]
Compiling architecture structure of entity xil_defaultlib.design_1_auto_pc_0_axi_protocol_converter_v2_1_27_b2s_incr_cmd [design_1_auto_pc_0_axi_protocol_...]
Compiling architecture lut5_v of entity unisim.LUT5 [\LUT5(init="00111000111111110011...]
Compiling architecture structure of entity xil_defaultlib.design_1_auto_pc_0_axi_protocol_converter_v2_1_27_b2s_wrap_cmd [design_1_auto_pc_0_axi_protocol_...]
Compiling architecture structure of entity xil_defaultlib.design_1_auto_pc_0_axi_protocol_converter_v2_1_27_b2s_cmd_translator [design_1_auto_pc_0_axi_protocol_...]
Compiling architecture structure of entity xil_defaultlib.design_1_auto_pc_0_axi_protocol_converter_v2_1_27_b2s_aw_channel [design_1_auto_pc_0_axi_protocol_...]
Compiling architecture lut3_v of entity unisim.LUT3 [\LUT3(init="10010110")(0,7)\]
Compiling architecture lut4_v of entity unisim.LUT4 [\LUT4(init="1101101100100100")(0...]
Compiling architecture lut6_v of entity unisim.LUT6 [\LUT6(init="00000000000000000000...]
Compiling architecture lut6_v of entity unisim.LUT6 [\LUT6(init="11101111111111101111...]
Compiling architecture lut5_v of entity unisim.LUT5 [\LUT5(init="11111111111111111111...]
Compiling architecture srl16e_v of entity unisim.SRL16E [\SRL16E(0,15)\]
Compiling architecture lut6_v of entity unisim.LUT6 [\LUT6(init="00000000000000000000...]
Compiling architecture lut6_v of entity unisim.LUT6 [\LUT6(init="11011101000011010000...]
Compiling architecture lut4_v of entity unisim.LUT4 [\LUT4(init="1111111111111000")(0...]
Compiling architecture lut6_v of entity unisim.LUT6 [\LUT6(init="00101111111100100010...]
Compiling architecture structure of entity xil_defaultlib.design_1_auto_pc_0_axi_protocol_converter_v2_1_27_b2s_simple_fifo [design_1_auto_pc_0_axi_protocol_...]
Compiling architecture lut5_v of entity unisim.LUT5 [\LUT5(init="01101010101010101010...]
Compiling architecture lut6_v of entity unisim.LUT6 [\LUT6(init="10000000000000000000...]
Compiling architecture lut6_v of entity unisim.LUT6 [\LUT6(init="00000000000000000000...]
Compiling architecture lut4_v of entity unisim.LUT4 [\LUT4(init="0010000000000000")(0...]
Compiling architecture structure of entity xil_defaultlib.\design_1_auto_pc_0_axi_protocol_converter_v2_1_27_b2s_simple_fifo__parameterized0\ [\design_1_auto_pc_0_axi_protocol...]
Compiling architecture lut6_v of entity unisim.LUT6 [\LUT6(init="00000000000000000000...]
Compiling architecture lut4_v of entity unisim.LUT4 [\LUT4(init="0000000011101010")(0...]
Compiling architecture structure of entity xil_defaultlib.design_1_auto_pc_0_axi_protocol_converter_v2_1_27_b2s_b_channel [design_1_auto_pc_0_axi_protocol_...]
Compiling architecture structure of entity xil_defaultlib.design_1_auto_pc_0_axi_protocol_converter_v2_1_27_b2s [design_1_auto_pc_0_axi_protocol_...]
Compiling architecture structure of entity xil_defaultlib.design_1_auto_pc_0_axi_protocol_converter_v2_1_27_axi_protocol_converter [design_1_auto_pc_0_axi_protocol_...]
Compiling architecture structure of entity xil_defaultlib.design_1_auto_pc_0 [design_1_auto_pc_0_default]
Compiling architecture structure of entity xil_defaultlib.s00_couplers_imp_UYSKKA [s00_couplers_imp_uyskka_default]
Compiling architecture structure of entity xil_defaultlib.design_1_ps7_0_axi_periph_0 [design_1_ps7_0_axi_periph_0_defa...]
Compiling architecture lut5_v of entity unisim.LUT5 [\LUT5(init="11101010101010101010...]
Compiling architecture structure of entity xil_defaultlib.design_1_rst_ps7_0_50M_0_cdc_sync [design_1_rst_ps7_0_50m_0_cdc_syn...]
Compiling architecture structure of entity xil_defaultlib.design_1_rst_ps7_0_50M_0_cdc_sync_0 [design_1_rst_ps7_0_50m_0_cdc_syn...]
Compiling architecture srl16e_v of entity unisim.SRL16E [\SRL16E(init="1111111111111111")...]
Compiling architecture lut4_v of entity unisim.LUT4 [\LUT4(init="1111111111111101")(0...]
Compiling architecture structure of entity xil_defaultlib.design_1_rst_ps7_0_50M_0_lpf [design_1_rst_ps7_0_50m_0_lpf_def...]
Compiling architecture lut5_v of entity unisim.LUT5 [\LUT5(init="01111111111111111000...]
Compiling architecture lut6_v of entity unisim.LUT6 [\LUT6(init="01111111111111111111...]
Compiling architecture structure of entity xil_defaultlib.design_1_rst_ps7_0_50M_0_upcnt_n [design_1_rst_ps7_0_50m_0_upcnt_n...]
Compiling architecture lut4_v of entity unisim.LUT4 [\LUT4(init="0000000010010000")(0...]
Compiling architecture lut4_v of entity unisim.LUT4 [\LUT4(init="1001000000000000")(0...]
Compiling architecture fdse_v of entity unisim.FDSE [\FDSE(init='0')\]
Compiling architecture lut4_v of entity unisim.LUT4 [\LUT4(init="0000000000011000")(0...]
Compiling architecture lut4_v of entity unisim.LUT4 [\LUT4(init="0000010010000000")(0...]
Compiling architecture structure of entity xil_defaultlib.design_1_rst_ps7_0_50M_0_sequence_psr [design_1_rst_ps7_0_50m_0_sequenc...]
Compiling architecture structure of entity xil_defaultlib.design_1_rst_ps7_0_50M_0_proc_sys_reset [design_1_rst_ps7_0_50m_0_proc_sy...]
Compiling architecture structure of entity xil_defaultlib.design_1_rst_ps7_0_50M_0 [design_1_rst_ps7_0_50m_0_default]
Compiling architecture structure of entity xil_defaultlib.design_1 [\design_1:design_1_wrapper:desig...]
Compiling architecture structure of entity xil_defaultlib.\design_1_wrapper:design_1_wrapp...
Built simulation snapshot design_1_wrapper_func_synth
