INFO: [VRFC 10-163] Analyzing VHDL file "C:/Users/mirap/Vivado/neoTRNG3/neoTRNG3.sim/sim_1/synth/func/xsim/design_1_wrapper_func_synth.vhd" into library xil_defaultlib
INFO: [VRFC 10-3107] analyzing entity 'design_1_auto_pc_0_axi_protocol_converter_v2_1_27_b2s_incr_cmd'
INFO: [VRFC 10-3107] analyzing entity 'design_1_auto_pc_0_axi_protocol_converter_v2_1_27_b2s_incr_cmd_2'
INFO: [VRFC 10-3107] analyzing entity 'design_1_auto_pc_0_axi_protocol_converter_v2_1_27_b2s_rd_cmd_fsm'
INFO: [VRFC 10-3107] analyzing entity 'design_1_auto_pc_0_axi_protocol_converter_v2_1_27_b2s_simple_fifo'
INFO: [VRFC 10-3107] analyzing entity '\design_1_auto_pc_0_axi_protocol_converter_v2_1_27_b2s_simple_fifo__parameterized0\'
INFO: [VRFC 10-3107] analyzing entity '\design_1_auto_pc_0_axi_protocol_converter_v2_1_27_b2s_simple_fifo__parameterized1\'
INFO: [VRFC 10-3107] analyzing entity '\design_1_auto_pc_0_axi_protocol_converter_v2_1_27_b2s_simple_fifo__parameterized2\'
INFO: [VRFC 10-3107] analyzing entity 'design_1_auto_pc_0_axi_protocol_converter_v2_1_27_b2s_wr_cmd_fsm'
INFO: [VRFC 10-3107] analyzing entity 'design_1_auto_pc_0_axi_protocol_converter_v2_1_27_b2s_wrap_cmd'
INFO: [VRFC 10-3107] analyzing entity 'design_1_auto_pc_0_axi_protocol_converter_v2_1_27_b2s_wrap_cmd_3'
INFO: [VRFC 10-3107] analyzing entity 'design_1_auto_pc_0_axi_register_slice_v2_1_27_axic_register_slice'
INFO: [VRFC 10-3107] analyzing entity 'design_1_auto_pc_0_axi_register_slice_v2_1_27_axic_register_slice_0'
INFO: [VRFC 10-3107] analyzing entity '\design_1_auto_pc_0_axi_register_slice_v2_1_27_axic_register_slice__parameterized1\'
INFO: [VRFC 10-3107] analyzing entity '\design_1_auto_pc_0_axi_register_slice_v2_1_27_axic_register_slice__parameterized2\'
INFO: [VRFC 10-3107] analyzing entity 'design_1_axi_gpio_0_0_cdc_sync'
INFO: [VRFC 10-3107] analyzing entity 'design_1_axi_gpio_0_0_pselect_f'
INFO: [VRFC 10-3107] analyzing entity '\design_1_axi_gpio_0_0_pselect_f__parameterized1\'
INFO: [VRFC 10-3107] analyzing entity 'design_1_neoTRNG_0_0_neoTRNG_cell'
INFO: [VRFC 10-3107] analyzing entity '\design_1_neoTRNG_0_0_neoTRNG_cell__parameterized1\'
INFO: [VRFC 10-3107] analyzing entity '\design_1_neoTRNG_0_0_neoTRNG_cell__parameterized3\'
INFO: [VRFC 10-3107] analyzing entity 'design_1_processing_system7_0_0_processing_system7_v5_5_processing_system7'
INFO: [VRFC 10-3107] analyzing entity 'design_1_rst_ps7_0_50M_0_cdc_sync'
INFO: [VRFC 10-3107] analyzing entity 'design_1_rst_ps7_0_50M_0_cdc_sync_0'
INFO: [VRFC 10-3107] analyzing entity 'design_1_rst_ps7_0_50M_0_upcnt_n'
INFO: [VRFC 10-3107] analyzing entity 'design_1_auto_pc_0_axi_protocol_converter_v2_1_27_b2s_b_channel'
INFO: [VRFC 10-3107] analyzing entity 'design_1_auto_pc_0_axi_protocol_converter_v2_1_27_b2s_cmd_translator'
INFO: [VRFC 10-3107] analyzing entity 'design_1_auto_pc_0_axi_protocol_converter_v2_1_27_b2s_cmd_translator_1'
INFO: [VRFC 10-3107] analyzing entity 'design_1_auto_pc_0_axi_protocol_converter_v2_1_27_b2s_r_channel'
INFO: [VRFC 10-3107] analyzing entity 'design_1_auto_pc_0_axi_register_slice_v2_1_27_axi_register_slice'
INFO: [VRFC 10-3107] analyzing entity 'design_1_axi_gpio_0_0_GPIO_Core'
INFO: [VRFC 10-3107] analyzing entity 'design_1_axi_gpio_0_0_address_decoder'
INFO: [VRFC 10-3107] analyzing entity 'design_1_neoTRNG_0_0_neoTRNG'
INFO: [VRFC 10-3107] analyzing entity 'design_1_processing_system7_0_0'
INFO: [VRFC 10-3107] analyzing entity 'design_1_rst_ps7_0_50M_0_lpf'
INFO: [VRFC 10-3107] analyzing entity 'design_1_rst_ps7_0_50M_0_sequence_psr'
INFO: [VRFC 10-3107] analyzing entity 'design_1_auto_pc_0_axi_protocol_converter_v2_1_27_b2s_ar_channel'
INFO: [VRFC 10-3107] analyzing entity 'design_1_auto_pc_0_axi_protocol_converter_v2_1_27_b2s_aw_channel'
INFO: [VRFC 10-3107] analyzing entity 'design_1_axi_gpio_0_0_slave_attachment'
INFO: [VRFC 10-3107] analyzing entity 'design_1_neoTRNG_0_0'
INFO: [VRFC 10-3107] analyzing entity 'design_1_rst_ps7_0_50M_0_proc_sys_reset'
INFO: [VRFC 10-3107] analyzing entity 'design_1_auto_pc_0_axi_protocol_converter_v2_1_27_b2s'
INFO: [VRFC 10-3107] analyzing entity 'design_1_axi_gpio_0_0_axi_lite_ipif'
INFO: [VRFC 10-3107] analyzing entity 'design_1_rst_ps7_0_50M_0'
INFO: [VRFC 10-3107] analyzing entity 'design_1_auto_pc_0_axi_protocol_converter_v2_1_27_axi_protocol_converter'
INFO: [VRFC 10-3107] analyzing entity 'design_1_axi_gpio_0_0_axi_gpio'
INFO: [VRFC 10-3107] analyzing entity 'design_1_auto_pc_0'
INFO: [VRFC 10-3107] analyzing entity 'design_1_axi_gpio_0_0'
INFO: [VRFC 10-3107] analyzing entity 's00_couplers_imp_UYSKKA'
INFO: [VRFC 10-3107] analyzing entity 'design_1_ps7_0_axi_periph_0'
INFO: [VRFC 10-3107] analyzing entity 'design_1'
INFO: [VRFC 10-3107] analyzing entity 'design_1_wrapper'
