Copyright 1986-2022 Xilinx, Inc. All Rights Reserved.
---------------------------------------------------------------------------------------------
| Tool Version : Vivado v.2022.2 (win64) Build 3671981 Fri Oct 14 05:00:03 MDT 2022
| Date         : Thu Feb  9 13:07:27 2023
| Host         : LAPTOP-N40OUVOL running 64-bit major release  (build 9200)
| Command      : report_control_sets -verbose -file design_1_wrapper_control_sets_placed.rpt
| Design       : design_1_wrapper
| Device       : xc7z020
---------------------------------------------------------------------------------------------

Control Set Information

Table of Contents
-----------------
1. Summary
2. Histogram
3. Flip-Flop Distribution
4. Detailed Control Set Information

1. Summary
----------

+----------------------------------------------------------+-------+
|                          Status                          | Count |
+----------------------------------------------------------+-------+
| Total control sets                                       |    75 |
|    Minimum number of control sets                        |    75 |
|    Addition due to synthesis replication                 |     0 |
|    Addition due to physical synthesis replication        |     0 |
| Unused register locations in slices containing registers |   348 |
+----------------------------------------------------------+-------+
* Control sets can be merged at opt_design using control_set_merge or merge_equivalent_drivers
** Run report_qor_suggestions for automated merging and remapping suggestions


2. Histogram
------------

+--------------------+-------+
|       Fanout       | Count |
+--------------------+-------+
| Total control sets |    75 |
| >= 0 to < 4        |    38 |
| >= 4 to < 6        |    10 |
| >= 6 to < 8        |     1 |
| >= 8 to < 10       |     5 |
| >= 10 to < 12      |     1 |
| >= 12 to < 14      |     6 |
| >= 14 to < 16      |     2 |
| >= 16              |    12 |
+--------------------+-------+
* Control sets can be remapped at either synth_design or opt_design


3. Flip-Flop Distribution
-------------------------

+--------------+-----------------------+------------------------+-----------------+--------------+
| Clock Enable | Synchronous Set/Reset | Asynchronous Set/Reset | Total Registers | Total Slices |
+--------------+-----------------------+------------------------+-----------------+--------------+
| No           | No                    | No                     |             197 |           60 |
| No           | No                    | Yes                    |               0 |            0 |
| No           | Yes                   | No                     |              94 |           60 |
| Yes          | No                    | No                     |             347 |           79 |
| Yes          | No                    | Yes                    |               0 |            0 |
| Yes          | Yes                   | No                     |              70 |           24 |
+--------------+-----------------------+------------------------+-----------------+--------------+


4. Detailed Control Set Information
-----------------------------------

+---------------------------------------------------------------------------------------------+----------------------------------------------------------------------------------------------------------------------------------------------------------------+-------------------------------------------------------------------------------------------------------------------------------------------------------+------------------+----------------+--------------+
|                                         Clock Signal                                        |                                                                          Enable Signal                                                                         |                                                                    Set/Reset Signal                                                                   | Slice Load Count | Bel Load Count | Bels / Slice |
+---------------------------------------------------------------------------------------------+----------------------------------------------------------------------------------------------------------------------------------------------------------------+-------------------------------------------------------------------------------------------------------------------------------------------------------+------------------+----------------+--------------+
|  design_1_i/neoTRNG_0/U0/neoTRNG_cell_inst[0].neoTRNG_cell_inst_i/enable_sreg_s_reg_n_0_[0] |                                                                                                                                                                | design_1_i/neoTRNG_0/U0/neoTRNG_cell_inst[0].neoTRNG_cell_inst_i/AR[0]                                                                                |                1 |              1 |         1.00 |
|  design_1_i/neoTRNG_0/U0/neoTRNG_cell_inst[0].neoTRNG_cell_inst_i/p_0_out[1]                |                                                                                                                                                                | design_1_i/neoTRNG_0/U0/neoTRNG_cell_inst[0].neoTRNG_cell_inst_i/AR[0]                                                                                |                1 |              1 |         1.00 |
|  design_1_i/neoTRNG_0/U0/neoTRNG_cell_inst[0].neoTRNG_cell_inst_i/p_0_out[0]                |                                                                                                                                                                | design_1_i/neoTRNG_0/U0/neoTRNG_cell_inst[0].neoTRNG_cell_inst_i/AR[0]                                                                                |                1 |              1 |         1.00 |
|  design_1_i/neoTRNG_0/U0/neoTRNG_cell_inst[0].neoTRNG_cell_inst_i/enable_sreg_s_reg_n_0_[1] |                                                                                                                                                                | design_1_i/neoTRNG_0/U0/neoTRNG_cell_inst[0].neoTRNG_cell_inst_i/AR[0]                                                                                |                1 |              1 |         1.00 |
|  design_1_i/neoTRNG_0/U0/neoTRNG_cell_inst[0].neoTRNG_cell_inst_i/p_0_out[2]                |                                                                                                                                                                | design_1_i/neoTRNG_0/U0/neoTRNG_cell_inst[0].neoTRNG_cell_inst_i/AR[0]                                                                                |                1 |              1 |         1.00 |
|  design_1_i/neoTRNG_0/U0/neoTRNG_cell_inst[0].neoTRNG_cell_inst_i/Q[0]                      |                                                                                                                                                                | design_1_i/neoTRNG_0/U0/neoTRNG_cell_inst[0].neoTRNG_cell_inst_i/AR[0]                                                                                |                1 |              1 |         1.00 |
|  design_1_i/neoTRNG_0/U0/neoTRNG_cell_inst[0].neoTRNG_cell_inst_i/p_0_out[3]                |                                                                                                                                                                | design_1_i/neoTRNG_0/U0/neoTRNG_cell_inst[0].neoTRNG_cell_inst_i/AR[0]                                                                                |                1 |              1 |         1.00 |
|  design_1_i/neoTRNG_0/U0/neoTRNG_cell_inst[0].neoTRNG_cell_inst_i/p_0_in                    |                                                                                                                                                                | design_1_i/neoTRNG_0/U0/neoTRNG_cell_inst[0].neoTRNG_cell_inst_i/AR[0]                                                                                |                1 |              1 |         1.00 |
|  design_1_i/neoTRNG_0/U0/neoTRNG_cell_inst[1].neoTRNG_cell_inst_i/enable_sreg_s_reg_n_0_[3] |                                                                                                                                                                | design_1_i/neoTRNG_0/U0/neoTRNG_cell_inst[0].neoTRNG_cell_inst_i/enable_sreg_l_reg[4]_0[0]                                                            |                1 |              1 |         1.00 |
|  design_1_i/neoTRNG_0/U0/neoTRNG_cell_inst[1].neoTRNG_cell_inst_i/p_0_in                    |                                                                                                                                                                | design_1_i/neoTRNG_0/U0/neoTRNG_cell_inst[0].neoTRNG_cell_inst_i/enable_sreg_l_reg[4]_0[0]                                                            |                1 |              1 |         1.00 |
|  design_1_i/neoTRNG_0/U0/neoTRNG_cell_inst[1].neoTRNG_cell_inst_i/p_0_out[3]                |                                                                                                                                                                | design_1_i/neoTRNG_0/U0/neoTRNG_cell_inst[0].neoTRNG_cell_inst_i/enable_sreg_l_reg[4]_0[0]                                                            |                1 |              1 |         1.00 |
|  design_1_i/neoTRNG_0/U0/neoTRNG_cell_inst[1].neoTRNG_cell_inst_i/enable_sreg_s_reg_n_0_[2] |                                                                                                                                                                | design_1_i/neoTRNG_0/U0/neoTRNG_cell_inst[0].neoTRNG_cell_inst_i/enable_sreg_l_reg[4]_0[0]                                                            |                1 |              1 |         1.00 |
|  design_1_i/neoTRNG_0/U0/neoTRNG_cell_inst[1].neoTRNG_cell_inst_i/p_0_out[4]                |                                                                                                                                                                | design_1_i/neoTRNG_0/U0/neoTRNG_cell_inst[0].neoTRNG_cell_inst_i/enable_sreg_l_reg[4]_0[0]                                                            |                1 |              1 |         1.00 |
|  design_1_i/neoTRNG_0/U0/neoTRNG_cell_inst[1].neoTRNG_cell_inst_i/enable_sreg_s_reg_n_0_[0] |                                                                                                                                                                | design_1_i/neoTRNG_0/U0/neoTRNG_cell_inst[0].neoTRNG_cell_inst_i/enable_sreg_l_reg[4]_0[0]                                                            |                1 |              1 |         1.00 |
|  design_1_i/neoTRNG_0/U0/neoTRNG_cell_inst[1].neoTRNG_cell_inst_i/Q[0]                      |                                                                                                                                                                | design_1_i/neoTRNG_0/U0/neoTRNG_cell_inst[0].neoTRNG_cell_inst_i/enable_sreg_l_reg[4]_0[0]                                                            |                1 |              1 |         1.00 |
|  design_1_i/neoTRNG_0/U0/neoTRNG_cell_inst[1].neoTRNG_cell_inst_i/p_0_out[2]                |                                                                                                                                                                | design_1_i/neoTRNG_0/U0/neoTRNG_cell_inst[0].neoTRNG_cell_inst_i/enable_sreg_l_reg[4]_0[0]                                                            |                1 |              1 |         1.00 |
|  design_1_i/neoTRNG_0/U0/neoTRNG_cell_inst[1].neoTRNG_cell_inst_i/p_0_out[0]                |                                                                                                                                                                | design_1_i/neoTRNG_0/U0/neoTRNG_cell_inst[0].neoTRNG_cell_inst_i/enable_sreg_l_reg[4]_0[0]                                                            |                1 |              1 |         1.00 |
|  design_1_i/neoTRNG_0/U0/neoTRNG_cell_inst[1].neoTRNG_cell_inst_i/p_0_out[1]                |                                                                                                                                                                | design_1_i/neoTRNG_0/U0/neoTRNG_cell_inst[0].neoTRNG_cell_inst_i/enable_sreg_l_reg[4]_0[0]                                                            |                1 |              1 |         1.00 |
|  design_1_i/neoTRNG_0/U0/neoTRNG_cell_inst[1].neoTRNG_cell_inst_i/p_0_out[5]                |                                                                                                                                                                | design_1_i/neoTRNG_0/U0/neoTRNG_cell_inst[0].neoTRNG_cell_inst_i/enable_sreg_l_reg[4]_0[0]                                                            |                1 |              1 |         1.00 |
|  design_1_i/neoTRNG_0/U0/neoTRNG_cell_inst[1].neoTRNG_cell_inst_i/enable_sreg_s_reg_n_0_[1] |                                                                                                                                                                | design_1_i/neoTRNG_0/U0/neoTRNG_cell_inst[0].neoTRNG_cell_inst_i/enable_sreg_l_reg[4]_0[0]                                                            |                1 |              1 |         1.00 |
|  design_1_i/neoTRNG_0/U0/neoTRNG_cell_inst[2].neoTRNG_cell_inst_i/enable_sreg_s_reg_n_0_[2] |                                                                                                                                                                | design_1_i/neoTRNG_0/U0/neoTRNG_cell_inst[1].neoTRNG_cell_inst_i/AR[0]                                                                                |                1 |              1 |         1.00 |
|  design_1_i/neoTRNG_0/U0/neoTRNG_cell_inst[2].neoTRNG_cell_inst_i/cell_array[en_out]_2      |                                                                                                                                                                | design_1_i/neoTRNG_0/U0/neoTRNG_cell_inst[1].neoTRNG_cell_inst_i/AR[0]                                                                                |                1 |              1 |         1.00 |
|  design_1_i/neoTRNG_0/U0/neoTRNG_cell_inst[2].neoTRNG_cell_inst_i/enable_sreg_s_reg_n_0_[0] |                                                                                                                                                                | design_1_i/neoTRNG_0/U0/neoTRNG_cell_inst[1].neoTRNG_cell_inst_i/AR[0]                                                                                |                1 |              1 |         1.00 |
|  design_1_i/neoTRNG_0/U0/neoTRNG_cell_inst[2].neoTRNG_cell_inst_i/enable_sreg_s_reg_n_0_[3] |                                                                                                                                                                | design_1_i/neoTRNG_0/U0/neoTRNG_cell_inst[1].neoTRNG_cell_inst_i/AR[0]                                                                                |                1 |              1 |         1.00 |
|  design_1_i/neoTRNG_0/U0/neoTRNG_cell_inst[2].neoTRNG_cell_inst_i/p_0_out[4]                |                                                                                                                                                                | design_1_i/neoTRNG_0/U0/neoTRNG_cell_inst[1].neoTRNG_cell_inst_i/AR[0]                                                                                |                1 |              1 |         1.00 |
|  design_1_i/neoTRNG_0/U0/neoTRNG_cell_inst[2].neoTRNG_cell_inst_i/enable_sreg_s_reg_n_0_[4] |                                                                                                                                                                | design_1_i/neoTRNG_0/U0/neoTRNG_cell_inst[1].neoTRNG_cell_inst_i/AR[0]                                                                                |                1 |              1 |         1.00 |
|  design_1_i/neoTRNG_0/U0/neoTRNG_cell_inst[2].neoTRNG_cell_inst_i/p_0_out[5]                |                                                                                                                                                                | design_1_i/neoTRNG_0/U0/neoTRNG_cell_inst[1].neoTRNG_cell_inst_i/AR[0]                                                                                |                1 |              1 |         1.00 |
|  design_1_i/neoTRNG_0/U0/neoTRNG_cell_inst[2].neoTRNG_cell_inst_i/enable_sreg_s_reg_n_0_[5] |                                                                                                                                                                | design_1_i/neoTRNG_0/U0/neoTRNG_cell_inst[1].neoTRNG_cell_inst_i/AR[0]                                                                                |                1 |              1 |         1.00 |
|  design_1_i/neoTRNG_0/U0/neoTRNG_cell_inst[2].neoTRNG_cell_inst_i/p_0_out[7]                |                                                                                                                                                                | design_1_i/neoTRNG_0/U0/neoTRNG_cell_inst[1].neoTRNG_cell_inst_i/AR[0]                                                                                |                1 |              1 |         1.00 |
|  design_1_i/neoTRNG_0/U0/neoTRNG_cell_inst[2].neoTRNG_cell_inst_i/p_0_out[0]                |                                                                                                                                                                | design_1_i/neoTRNG_0/U0/neoTRNG_cell_inst[1].neoTRNG_cell_inst_i/AR[0]                                                                                |                1 |              1 |         1.00 |
|  design_1_i/neoTRNG_0/U0/neoTRNG_cell_inst[2].neoTRNG_cell_inst_i/enable_sreg_s_reg_n_0_[1] |                                                                                                                                                                | design_1_i/neoTRNG_0/U0/neoTRNG_cell_inst[1].neoTRNG_cell_inst_i/AR[0]                                                                                |                1 |              1 |         1.00 |
|  design_1_i/neoTRNG_0/U0/neoTRNG_cell_inst[2].neoTRNG_cell_inst_i/p_0_out[2]                |                                                                                                                                                                | design_1_i/neoTRNG_0/U0/neoTRNG_cell_inst[1].neoTRNG_cell_inst_i/AR[0]                                                                                |                1 |              1 |         1.00 |
|  design_1_i/neoTRNG_0/U0/neoTRNG_cell_inst[2].neoTRNG_cell_inst_i/p_0_in                    |                                                                                                                                                                | design_1_i/neoTRNG_0/U0/neoTRNG_cell_inst[1].neoTRNG_cell_inst_i/AR[0]                                                                                |                1 |              1 |         1.00 |
|  design_1_i/neoTRNG_0/U0/neoTRNG_cell_inst[2].neoTRNG_cell_inst_i/p_0_out[1]                |                                                                                                                                                                | design_1_i/neoTRNG_0/U0/neoTRNG_cell_inst[1].neoTRNG_cell_inst_i/AR[0]                                                                                |                1 |              1 |         1.00 |
|  design_1_i/neoTRNG_0/U0/neoTRNG_cell_inst[2].neoTRNG_cell_inst_i/p_0_out[3]                |                                                                                                                                                                | design_1_i/neoTRNG_0/U0/neoTRNG_cell_inst[1].neoTRNG_cell_inst_i/AR[0]                                                                                |                1 |              1 |         1.00 |
|  design_1_i/neoTRNG_0/U0/neoTRNG_cell_inst[2].neoTRNG_cell_inst_i/p_0_out[6]                |                                                                                                                                                                | design_1_i/neoTRNG_0/U0/neoTRNG_cell_inst[1].neoTRNG_cell_inst_i/AR[0]                                                                                |                1 |              1 |         1.00 |
|  design_1_i/processing_system7_0/inst/FCLK_CLK0                                             | design_1_i/ps7_0_axi_periph/s00_couplers/auto_pc/inst/gen_axilite.gen_b2s_conv.axilite_b2s/WR.aw_channel_0/aw_cmd_fsm_0/FSM_sequential_state_reg[0]_1          | design_1_i/ps7_0_axi_periph/s00_couplers/auto_pc/inst/gen_axilite.gen_b2s_conv.axilite_b2s/WR.aw_channel_0/aw_cmd_fsm_0/FSM_sequential_state_reg[0]_0 |                1 |              1 |         1.00 |
|  design_1_i/processing_system7_0/inst/FCLK_CLK0                                             | design_1_i/ps7_0_axi_periph/s00_couplers/auto_pc/inst/gen_axilite.gen_b2s_conv.axilite_b2s/WR.b_channel_0/bid_fifo_0/sel                                       |                                                                                                                                                       |                1 |              2 |         2.00 |
|  design_1_i/processing_system7_0/inst/FCLK_CLK0                                             |                                                                                                                                                                | design_1_i/ps7_0_axi_periph/s00_couplers/auto_pc/inst/gen_axilite.gen_b2s_conv.axilite_b2s/SI_REG/ar.ar_pipe/aresetn_d_reg[1]_inv_0                   |                3 |              4 |         1.33 |
|  design_1_i/processing_system7_0/inst/FCLK_CLK0                                             |                                                                                                                                                                | design_1_i/rst_ps7_0_50M/U0/EXT_LPF/lpf_int                                                                                                           |                3 |              4 |         1.33 |
|  design_1_i/processing_system7_0/inst/FCLK_CLK0                                             |                                                                                                                                                                | design_1_i/ps7_0_axi_periph/s00_couplers/auto_pc/inst/gen_axilite.gen_b2s_conv.axilite_b2s/SI_REG/aw.aw_pipe/aresetn_d_reg[0]_0                       |                2 |              4 |         2.00 |
|  design_1_i/processing_system7_0/inst/FCLK_CLK0                                             |                                                                                                                                                                | design_1_i/axi_gpio_0/U0/AXI_LITE_IPIF_I/I_SLAVE_ATTACHMENT/clear                                                                                     |                1 |              4 |         4.00 |
|  design_1_i/processing_system7_0/inst/FCLK_CLK0                                             | design_1_i/axi_gpio_0/U0/AXI_LITE_IPIF_I/I_SLAVE_ATTACHMENT/start2                                                                                             | design_1_i/axi_gpio_0/U0/AXI_LITE_IPIF_I/I_SLAVE_ATTACHMENT/I_DECODER/cs_ce_clr                                                                       |                1 |              4 |         4.00 |
|  design_1_i/processing_system7_0/inst/FCLK_CLK0                                             | design_1_i/axi_gpio_0/U0/AXI_LITE_IPIF_I/I_SLAVE_ATTACHMENT/bus2ip_addr_i[8]_i_1_n_0                                                                           | design_1_i/axi_gpio_0/U0/AXI_LITE_IPIF_I/I_SLAVE_ATTACHMENT/SR[0]                                                                                     |                2 |              4 |         2.00 |
|  design_1_i/processing_system7_0/inst/FCLK_CLK0                                             | design_1_i/ps7_0_axi_periph/s00_couplers/auto_pc/inst/gen_axilite.gen_b2s_conv.axilite_b2s/RD.ar_channel_0/ar_cmd_fsm_0/m_axi_arready_2                        | design_1_i/ps7_0_axi_periph/s00_couplers/auto_pc/inst/gen_axilite.gen_b2s_conv.axilite_b2s/RD.ar_channel_0/ar_cmd_fsm_0/FSM_sequential_state_reg[1]_0 |                2 |              4 |         2.00 |
|  design_1_i/processing_system7_0/inst/FCLK_CLK0                                             | design_1_i/neoTRNG_0/U0/sample[cnt][2]_i_1_n_0                                                                                                                 | design_1_i/neoTRNG_0/U0/neoTRNG_cell_inst[0].neoTRNG_cell_inst_i/AR[0]                                                                                |                1 |              4 |         4.00 |
|  design_1_i/processing_system7_0/inst/FCLK_CLK0                                             | design_1_i/ps7_0_axi_periph/s00_couplers/auto_pc/inst/gen_axilite.gen_b2s_conv.axilite_b2s/RD.r_channel_0/rd_data_fifo_0/cnt_read[4]_i_1__0_n_0                | design_1_i/ps7_0_axi_periph/s00_couplers/auto_pc/inst/gen_axilite.gen_b2s_conv.axilite_b2s/areset_d1                                                  |                2 |              5 |         2.50 |
|  design_1_i/processing_system7_0/inst/FCLK_CLK0                                             | design_1_i/ps7_0_axi_periph/s00_couplers/auto_pc/inst/gen_axilite.gen_b2s_conv.axilite_b2s/RD.r_channel_0/transaction_fifo_0/cnt_read[4]_i_1_n_0               | design_1_i/ps7_0_axi_periph/s00_couplers/auto_pc/inst/gen_axilite.gen_b2s_conv.axilite_b2s/areset_d1                                                  |                1 |              5 |         5.00 |
|  design_1_i/processing_system7_0/inst/FCLK_CLK0                                             | design_1_i/rst_ps7_0_50M/U0/SEQ/seq_cnt_en                                                                                                                     | design_1_i/rst_ps7_0_50M/U0/SEQ/SEQ_COUNTER/clear                                                                                                     |                2 |              6 |         3.00 |
|  design_1_i/processing_system7_0/inst/FCLK_CLK0                                             | design_1_i/ps7_0_axi_periph/s00_couplers/auto_pc/inst/gen_axilite.gen_b2s_conv.axilite_b2s/WR.b_channel_0/mhandshake_r                                         | design_1_i/ps7_0_axi_periph/s00_couplers/auto_pc/inst/gen_axilite.gen_b2s_conv.axilite_b2s/WR.b_channel_0/bid_fifo_0/SR[0]                            |                4 |              8 |         2.00 |
|  design_1_i/processing_system7_0/inst/FCLK_CLK0                                             |                                                                                                                                                                | design_1_i/axi_gpio_0/U0/AXI_LITE_IPIF_I/I_SLAVE_ATTACHMENT/I_DECODER/bus2ip_rnw_i_reg                                                                |                2 |              8 |         4.00 |
|  design_1_i/processing_system7_0/inst/FCLK_CLK0                                             | design_1_i/axi_gpio_0/U0/AXI_LITE_IPIF_I/I_SLAVE_ATTACHMENT/I_DECODER/E[0]                                                                                     | design_1_i/axi_gpio_0/U0/AXI_LITE_IPIF_I/I_SLAVE_ATTACHMENT/SR[0]                                                                                     |                3 |              8 |         2.67 |
|  design_1_i/processing_system7_0/inst/FCLK_CLK0                                             | design_1_i/neoTRNG_0/U0/sample[cnt][2]_i_1_n_0                                                                                                                 |                                                                                                                                                       |                1 |              8 |         8.00 |
|  design_1_i/processing_system7_0/inst/FCLK_CLK0                                             | design_1_i/axi_gpio_0/U0/AXI_LITE_IPIF_I/I_SLAVE_ATTACHMENT/s_axi_rresp_i                                                                                      | design_1_i/axi_gpio_0/U0/AXI_LITE_IPIF_I/I_SLAVE_ATTACHMENT/SR[0]                                                                                     |                2 |              9 |         4.50 |
|  design_1_i/processing_system7_0/inst/FCLK_CLK0                                             |                                                                                                                                                                | design_1_i/ps7_0_axi_periph/s00_couplers/auto_pc/inst/gen_axilite.gen_b2s_conv.axilite_b2s/areset_d1                                                  |                5 |             10 |         2.00 |
|  design_1_i/processing_system7_0/inst/FCLK_CLK0                                             | design_1_i/ps7_0_axi_periph/s00_couplers/auto_pc/inst/gen_axilite.gen_b2s_conv.axilite_b2s/WR.aw_channel_0/aw_cmd_fsm_0/m_valid_i_reg[0]                       |                                                                                                                                                       |                4 |             12 |         3.00 |
|  design_1_i/processing_system7_0/inst/FCLK_CLK0                                             | design_1_i/ps7_0_axi_periph/s00_couplers/auto_pc/inst/gen_axilite.gen_b2s_conv.axilite_b2s/WR.aw_channel_0/cmd_translator_0/incr_cmd_0/axaddr_incr[11]_i_1_n_0 |                                                                                                                                                       |                2 |             12 |         6.00 |
|  design_1_i/processing_system7_0/inst/FCLK_CLK0                                             | design_1_i/ps7_0_axi_periph/s00_couplers/auto_pc/inst/gen_axilite.gen_b2s_conv.axilite_b2s/RD.ar_channel_0/ar_cmd_fsm_0/E[0]                                   |                                                                                                                                                       |                6 |             12 |         2.00 |
|  design_1_i/processing_system7_0/inst/FCLK_CLK0                                             | design_1_i/ps7_0_axi_periph/s00_couplers/auto_pc/inst/gen_axilite.gen_b2s_conv.axilite_b2s/RD.ar_channel_0/ar_cmd_fsm_0/sel_first_reg[0]                       |                                                                                                                                                       |                2 |             12 |         6.00 |
|  design_1_i/processing_system7_0/inst/FCLK_CLK0                                             | design_1_i/neoTRNG_0/U0/post[buf]                                                                                                                              | design_1_i/neoTRNG_0/U0/post_processing_enable.post[buf][7]_i_1_n_0                                                                                   |                3 |             12 |         4.00 |
|  design_1_i/processing_system7_0/inst/FCLK_CLK0                                             | design_1_i/ps7_0_axi_periph/s00_couplers/auto_pc/inst/gen_axilite.gen_b2s_conv.axilite_b2s/RD.r_channel_0/r_push_r                                             |                                                                                                                                                       |                4 |             13 |         3.25 |
|  design_1_i/processing_system7_0/inst/FCLK_CLK0                                             | design_1_i/ps7_0_axi_periph/s00_couplers/auto_pc/inst/gen_axilite.gen_b2s_conv.axilite_b2s/SI_REG/b.b_pipe/p_1_in                                              |                                                                                                                                                       |                2 |             14 |         7.00 |
|  design_1_i/processing_system7_0/inst/FCLK_CLK0                                             | design_1_i/ps7_0_axi_periph/s00_couplers/auto_pc/inst/gen_axilite.gen_b2s_conv.axilite_b2s/SI_REG/b.b_pipe/s_ready_i_reg_0                                     |                                                                                                                                                       |                2 |             14 |         7.00 |
|  design_1_i/processing_system7_0/inst/FCLK_CLK0                                             | design_1_i/ps7_0_axi_periph/s00_couplers/auto_pc/inst/gen_axilite.gen_b2s_conv.axilite_b2s/WR.aw_channel_0/aw_cmd_fsm_0/m_axi_awready_0                        |                                                                                                                                                       |                3 |             16 |         5.33 |
|  design_1_i/processing_system7_0/inst/FCLK_CLK0                                             | design_1_i/ps7_0_axi_periph/s00_couplers/auto_pc/inst/gen_axilite.gen_b2s_conv.axilite_b2s/RD.ar_channel_0/ar_cmd_fsm_0/m_axi_arready_2                        |                                                                                                                                                       |                9 |             21 |         2.33 |
|  design_1_i/processing_system7_0/inst/FCLK_CLK0                                             |                                                                                                                                                                | design_1_i/axi_gpio_0/U0/AXI_LITE_IPIF_I/I_SLAVE_ATTACHMENT/SR[0]                                                                                     |                8 |             24 |         3.00 |
|  design_1_i/processing_system7_0/inst/FCLK_CLK0                                             | design_1_i/ps7_0_axi_periph/s00_couplers/auto_pc/inst/gen_axilite.gen_b2s_conv.axilite_b2s/WR.aw_channel_0/aw_cmd_fsm_0/FSM_sequential_state_reg[0]_1          |                                                                                                                                                       |                9 |             24 |         2.67 |
|  design_1_i/processing_system7_0/inst/FCLK_CLK0                                             | design_1_i/ps7_0_axi_periph/s00_couplers/auto_pc/inst/gen_axilite.gen_b2s_conv.axilite_b2s/WR.aw_channel_0/aw_cmd_fsm_0/E[0]                                   |                                                                                                                                                       |                6 |             32 |         5.33 |
|  design_1_i/processing_system7_0/inst/FCLK_CLK0                                             | design_1_i/ps7_0_axi_periph/s00_couplers/auto_pc/inst/gen_axilite.gen_b2s_conv.axilite_b2s/RD.r_channel_0/rd_data_fifo_0/wr_en0                                |                                                                                                                                                       |                9 |             32 |         3.56 |
|  design_1_i/processing_system7_0/inst/FCLK_CLK0                                             | design_1_i/ps7_0_axi_periph/s00_couplers/auto_pc/inst/gen_axilite.gen_b2s_conv.axilite_b2s/RD.ar_channel_0/ar_cmd_fsm_0/m_valid_i_reg[0]                       |                                                                                                                                                       |                7 |             32 |         4.57 |
|  design_1_i/processing_system7_0/inst/FCLK_CLK0                                             | design_1_i/ps7_0_axi_periph/s00_couplers/auto_pc/inst/gen_axilite.gen_b2s_conv.axilite_b2s/SI_REG/aw.aw_pipe/s_ready_i_reg_0                                   |                                                                                                                                                       |                7 |             32 |         4.57 |
|  design_1_i/processing_system7_0/inst/FCLK_CLK0                                             | design_1_i/ps7_0_axi_periph/s00_couplers/auto_pc/inst/gen_axilite.gen_b2s_conv.axilite_b2s/SI_REG/ar.ar_pipe/s_ready_i_reg_0                                   |                                                                                                                                                       |                6 |             32 |         5.33 |
|  design_1_i/processing_system7_0/inst/FCLK_CLK0                                             | design_1_i/ps7_0_axi_periph/s00_couplers/auto_pc/inst/gen_axilite.gen_b2s_conv.axilite_b2s/SI_REG/r.r_pipe/p_1_in                                              |                                                                                                                                                       |                8 |             45 |         5.62 |
|  design_1_i/processing_system7_0/inst/FCLK_CLK0                                             | design_1_i/ps7_0_axi_periph/s00_couplers/auto_pc/inst/gen_axilite.gen_b2s_conv.axilite_b2s/SI_REG/r.r_pipe/s_ready_i_reg_0                                     |                                                                                                                                                       |                8 |             45 |         5.62 |
|  design_1_i/processing_system7_0/inst/FCLK_CLK0                                             |                                                                                                                                                                |                                                                                                                                                       |               61 |            198 |         3.25 |
+---------------------------------------------------------------------------------------------+----------------------------------------------------------------------------------------------------------------------------------------------------------------+-------------------------------------------------------------------------------------------------------------------------------------------------------+------------------+----------------+--------------+


